<?xml version="1.0" encoding="UTF-8"?>
<testng-results ignored="0" total="1" passed="1" failed="0" skipped="0">
  <reporter-output>
  </reporter-output>
  <suite started-at="2026-06-03T18:35:37 IST" name="AutomationSuite" finished-at="2026-06-03T18:35:51 IST" duration-ms="13413">
    <groups>
    </groups>
    <test started-at="2026-06-03T18:35:37 IST" name="RegressionTests" finished-at="2026-06-03T18:35:51 IST" duration-ms="13413">
      <class name="tests.PurchaseTest">
        <test-method is-config="true" signature="setup()[pri:0, instance:tests.PurchaseTest@7d3e8655]" started-at="2026-06-03T18:35:38 IST" name="setup" finished-at="2026-06-03T18:35:49 IST" duration-ms="11006" status="PASS">
          <reporter-output>
          </reporter-output>
        </test-method> <!-- setup -->
        <test-method signature="verifyAddToCart()[pri:0, instance:tests.PurchaseTest@7d3e8655]" started-at="2026-06-03T18:35:49 IST" name="verifyAddToCart" finished-at="2026-06-03T18:35:50 IST" duration-ms="1808" status="PASS">
          <reporter-output>
          </reporter-output>
        </test-method> <!-- verifyAddToCart -->
        <test-method is-config="true" signature="tearDown()[pri:0, instance:tests.PurchaseTest@7d3e8655]" started-at="2026-06-03T18:35:50 IST" name="tearDown" finished-at="2026-06-03T18:35:51 IST" duration-ms="453" status="PASS">
          <reporter-output>
          </reporter-output>
        </test-method> <!-- tearDown -->
      </class> <!-- tests.PurchaseTest -->
    </test> <!-- RegressionTests -->
  </suite> <!-- AutomationSuite -->
</testng-results>
